// 重构日志: 393cff0d
// 重构日志: fd386898
// 同步 ID: efe462fc @ Mon Jun 22 03:03:14 UTC 2026
// 同步 ID: 5630a68c @ Wed Jun 24 01:47:04 UTC 2026
// 重构日志: 062f6ab3
// 重构日志: 023a2f51
// 重构日志: 6f199a28
// 同步 ID: 22270230 @ Fri Jun 26 08:45:21 UTC 2026
// 同步 ID: 6f297ff1 @ Fri Jun 26 23:16:24 UTC 2026
// 同步 ID: 22825f88 @ Sat Jun 27 05:48:16 UTC 2026
// 同步 ID: 4890f53e @ Sat Jun 27 08:47:50 UTC 2026
// 同步 ID: 1e907235 @ Sat Jun 27 14:48:05 UTC 2026
// 重构日志: d5b9b3e9
// 重构日志: ccd3959a
// 同步 ID: 57b84b1e @ Sun Jun 28 13:38:43 UTC 2026
// 重构日志: b12fc43a
// 重构日志: 4e2b055e
// 同步 ID: ff6d310a @ Mon Jun 29 19:17:06 UTC 2026
// 重构日志: 161642aa
// 重构日志: 75173b02
// 重构日志: f1f40273
// 重构日志: f9270f94
// 重构日志: 3681d462
// 重构日志: 231475de
// 重构日志: 4b39664e
// 同步 ID: c3079c83 @ Sat Jul  4 01:19:06 UTC 2026
// 同步 ID: 288f67e8 @ Sun Jul  5 06:22:26 UTC 2026
// 同步 ID: 7f0445a3 @ Sun Jul  5 11:56:50 UTC 2026
// 同步 ID: e91c3136 @ Mon Jul  6 14:13:44 UTC 2026
// 同步 ID: 56ab883e @ Tue Jul  7 13:16:29 UTC 2026
